CRITICAL - 2022-12-08 01:11:47 --> Object of class CodeIgniter\Validation\Validation could not be converted to string
in APPPATH\Views\auth\signup.php on line 89.
 1 SYSTEMPATH\View\View.php(213): include()
 2 SYSTEMPATH\View\View.php(216): CodeIgniter\View\View->CodeIgniter\View\{closure}()
 3 SYSTEMPATH\Common.php(1134): CodeIgniter\View\View->render('auth/signup', [], true)
 4 APPPATH\Controllers\MyController.php(41): view('auth/signup', [])
 5 APPPATH\Controllers\Auth.php(17): App\Controllers\MyController->publicView('auth/signup', [], [...])
 6 SYSTEMPATH\CodeIgniter.php(927): App\Controllers\Auth->signup()
 7 SYSTEMPATH\CodeIgniter.php(482): CodeIgniter\CodeIgniter->runController(Object(App\Controllers\Auth))
 8 SYSTEMPATH\CodeIgniter.php(351): CodeIgniter\CodeIgniter->handleRequest(null, Object(Config\Cache), false)
 9 FCPATH\index.php(69): CodeIgniter\CodeIgniter->run()
CRITICAL - 2022-12-08 03:58:08 --> Cannot redeclare App\Controllers\Auth::signincheck()
in APPPATH\Controllers\Auth.php on line 32.
 1 [internal function]: CodeIgniter\Debug\Exceptions->shutdownHandler()
CRITICAL - 2022-12-08 04:00:24 --> Call to undefined method CodeIgniter\Database\MySQLi\Connection::get()
in APPPATH\Models\UserModel.php on line 34.
 1 APPPATH\Controllers\Auth.php(39): App\Models\UserModel->auth('kaushyedu@gmail.com', 'fddfdsfds')
 2 SYSTEMPATH\CodeIgniter.php(927): App\Controllers\Auth->signincheck()
 3 SYSTEMPATH\CodeIgniter.php(482): CodeIgniter\CodeIgniter->runController(Object(App\Controllers\Auth))
 4 SYSTEMPATH\CodeIgniter.php(351): CodeIgniter\CodeIgniter->handleRequest(null, Object(Config\Cache), false)
 5 FCPATH\index.php(69): CodeIgniter\CodeIgniter->run()
CRITICAL - 2022-12-08 04:20:47 --> Call to a member function insertID() on null
in APPPATH\Controllers\Auth.php on line 85.
 1 SYSTEMPATH\CodeIgniter.php(927): App\Controllers\Auth->signupcheck()
 2 SYSTEMPATH\CodeIgniter.php(482): CodeIgniter\CodeIgniter->runController(Object(App\Controllers\Auth))
 3 SYSTEMPATH\CodeIgniter.php(351): CodeIgniter\CodeIgniter->handleRequest(null, Object(Config\Cache), false)
 4 FCPATH\index.php(69): CodeIgniter\CodeIgniter->run()
CRITICAL - 2022-12-08 04:21:49 --> Call to a member function insertID() on null
in APPPATH\Controllers\Auth.php on line 85.
 1 SYSTEMPATH\CodeIgniter.php(927): App\Controllers\Auth->signupcheck()
 2 SYSTEMPATH\CodeIgniter.php(482): CodeIgniter\CodeIgniter->runController(Object(App\Controllers\Auth))
 3 SYSTEMPATH\CodeIgniter.php(351): CodeIgniter\CodeIgniter->handleRequest(null, Object(Config\Cache), false)
 4 FCPATH\index.php(69): CodeIgniter\CodeIgniter->run()
CRITICAL - 2022-12-08 04:26:15 --> There is no data to update.
in SYSTEMPATH\BaseModel.php on line 867.
 1 SYSTEMPATH\BaseModel.php(867): CodeIgniter\Database\Exceptions\DataException::forEmptyDataset('update')
 2 SYSTEMPATH\Model.php(693): CodeIgniter\BaseModel->update([...], [])
 3 APPPATH\Controllers\Auth.php(86): CodeIgniter\Model->update(13, [...])
 4 SYSTEMPATH\CodeIgniter.php(927): App\Controllers\Auth->signupcheck()
 5 SYSTEMPATH\CodeIgniter.php(482): CodeIgniter\CodeIgniter->runController(Object(App\Controllers\Auth))
 6 SYSTEMPATH\CodeIgniter.php(351): CodeIgniter\CodeIgniter->handleRequest(null, Object(Config\Cache), false)
 7 FCPATH\index.php(69): CodeIgniter\CodeIgniter->run()
CRITICAL - 2022-12-08 04:28:11 --> There is no data to update.
in SYSTEMPATH\BaseModel.php on line 867.
 1 SYSTEMPATH\BaseModel.php(867): CodeIgniter\Database\Exceptions\DataException::forEmptyDataset('update')
 2 SYSTEMPATH\Model.php(693): CodeIgniter\BaseModel->update([...], [])
 3 APPPATH\Controllers\Auth.php(86): CodeIgniter\Model->update(14, [...])
 4 SYSTEMPATH\CodeIgniter.php(927): App\Controllers\Auth->signupcheck()
 5 SYSTEMPATH\CodeIgniter.php(482): CodeIgniter\CodeIgniter->runController(Object(App\Controllers\Auth))
 6 SYSTEMPATH\CodeIgniter.php(351): CodeIgniter\CodeIgniter->handleRequest(null, Object(Config\Cache), false)
 7 FCPATH\index.php(69): CodeIgniter\CodeIgniter->run()
ERROR - 2022-12-08 04:31:14 --> mysqli_sql_exception: Unknown column 'users.user_id' in 'where clause' in D:\xampp\htdocs\www\scholar\adminpanel\system\Database\MySQLi\Connection.php:292
Stack trace:
#0 D:\xampp\htdocs\www\scholar\adminpanel\system\Database\MySQLi\Connection.php(292): mysqli->query('UPDATE `users` ...', 0)
#1 D:\xampp\htdocs\www\scholar\adminpanel\system\Database\BaseConnection.php(666): CodeIgniter\Database\MySQLi\Connection->execute('UPDATE `users` ...')
#2 D:\xampp\htdocs\www\scholar\adminpanel\system\Database\BaseConnection.php(593): CodeIgniter\Database\BaseConnection->simpleQuery('UPDATE `users` ...')
#3 D:\xampp\htdocs\www\scholar\adminpanel\system\Database\BaseBuilder.php(2079): CodeIgniter\Database\BaseConnection->query('UPDATE `users` ...', Array, false)
#4 D:\xampp\htdocs\www\scholar\adminpanel\system\Model.php(338): CodeIgniter\Database\BaseBuilder->update()
#5 D:\xampp\htdocs\www\scholar\adminpanel\system\BaseModel.php(886): CodeIgniter\Model->doUpdate(Array, Array)
#6 D:\xampp\htdocs\www\scholar\adminpanel\system\Model.php(693): CodeIgniter\BaseModel->update(Array, Array)
#7 D:\xampp\htdocs\www\scholar\adminpanel\app\Controllers\Auth.php(86): CodeIgniter\Model->update(1, Array)
#8 D:\xampp\htdocs\www\scholar\adminpanel\system\CodeIgniter.php(927): App\Controllers\Auth->signupcheck()
#9 D:\xampp\htdocs\www\scholar\adminpanel\system\CodeIgniter.php(482): CodeIgniter\CodeIgniter->runController(Object(App\Controllers\Auth))
#10 D:\xampp\htdocs\www\scholar\adminpanel\system\CodeIgniter.php(351): CodeIgniter\CodeIgniter->handleRequest(NULL, Object(Config\Cache), false)
#11 D:\xampp\htdocs\www\scholar\adminpanel\public\index.php(69): CodeIgniter\CodeIgniter->run()
#12 {main}
CRITICAL - 2022-12-08 04:50:05 --> Allowed fields must be specified for model: App\Models\UserModel
in SYSTEMPATH\BaseModel.php on line 1160.
 1 SYSTEMPATH\BaseModel.php(1160): CodeIgniter\Database\Exceptions\DataException::forInvalidAllowedFields('App\\Models\\UserModel')
 2 SYSTEMPATH\BaseModel.php(724): CodeIgniter\BaseModel->doProtectFields([...])
 3 SYSTEMPATH\Model.php(667): CodeIgniter\BaseModel->insert([...], true)
 4 APPPATH\Controllers\Auth.php(87): CodeIgniter\Model->insert([...])
 5 SYSTEMPATH\CodeIgniter.php(927): App\Controllers\Auth->signupcheck()
 6 SYSTEMPATH\CodeIgniter.php(482): CodeIgniter\CodeIgniter->runController(Object(App\Controllers\Auth))
 7 SYSTEMPATH\CodeIgniter.php(351): CodeIgniter\CodeIgniter->handleRequest(null, Object(Config\Cache), false)
 8 FCPATH\index.php(69): CodeIgniter\CodeIgniter->run()
CRITICAL - 2022-12-08 04:50:50 --> There is no data to insert.
in SYSTEMPATH\BaseModel.php on line 729.
 1 SYSTEMPATH\BaseModel.php(729): CodeIgniter\Database\Exceptions\DataException::forEmptyDataset('insert')
 2 SYSTEMPATH\Model.php(667): CodeIgniter\BaseModel->insert([], true)
 3 APPPATH\Controllers\Auth.php(87): CodeIgniter\Model->insert([...])
 4 SYSTEMPATH\CodeIgniter.php(927): App\Controllers\Auth->signupcheck()
 5 SYSTEMPATH\CodeIgniter.php(482): CodeIgniter\CodeIgniter->runController(Object(App\Controllers\Auth))
 6 SYSTEMPATH\CodeIgniter.php(351): CodeIgniter\CodeIgniter->handleRequest(null, Object(Config\Cache), false)
 7 FCPATH\index.php(69): CodeIgniter\CodeIgniter->run()
CRITICAL - 2022-12-08 06:07:43 --> Call to undefined function App\Controllers\adminView()
in APPPATH\Controllers\Dashboard.php on line 9.
 1 SYSTEMPATH\CodeIgniter.php(927): App\Controllers\Dashboard->index()
 2 SYSTEMPATH\CodeIgniter.php(482): CodeIgniter\CodeIgniter->runController(Object(App\Controllers\Dashboard))
 3 SYSTEMPATH\CodeIgniter.php(351): CodeIgniter\CodeIgniter->handleRequest(null, Object(Config\Cache), false)
 4 FCPATH\index.php(69): CodeIgniter\CodeIgniter->run()
CRITICAL - 2022-12-08 06:22:26 --> Call to undefined function bseUrl()
in APPPATH\Views\_templates\admin-content-wrapper-close.php on line 12.
 1 SYSTEMPATH\View\View.php(213): include()
 2 SYSTEMPATH\View\View.php(216): CodeIgniter\View\View->CodeIgniter\View\{closure}()
 3 SYSTEMPATH\Common.php(1134): CodeIgniter\View\View->render('_templates/admin-content-wrapper-close', [], true)
 4 APPPATH\Controllers\MyController.php(52): view('_templates/admin-content-wrapper-close', [])
 5 APPPATH\Controllers\Dashboard.php(9): App\Controllers\MyController->adminView('dashboard/index', [], [...])
 6 SYSTEMPATH\CodeIgniter.php(927): App\Controllers\Dashboard->index()
 7 SYSTEMPATH\CodeIgniter.php(482): CodeIgniter\CodeIgniter->runController(Object(App\Controllers\Dashboard))
 8 SYSTEMPATH\CodeIgniter.php(351): CodeIgniter\CodeIgniter->handleRequest(null, Object(Config\Cache), false)
 9 FCPATH\index.php(69): CodeIgniter\CodeIgniter->run()
CRITICAL - 2022-12-08 06:22:43 --> Call to undefined function bse_url()
in APPPATH\Views\_templates\admin-content-wrapper-close.php on line 12.
 1 SYSTEMPATH\View\View.php(213): include()
 2 SYSTEMPATH\View\View.php(216): CodeIgniter\View\View->CodeIgniter\View\{closure}()
 3 SYSTEMPATH\Common.php(1134): CodeIgniter\View\View->render('_templates/admin-content-wrapper-close', [], true)
 4 APPPATH\Controllers\MyController.php(52): view('_templates/admin-content-wrapper-close', [])
 5 APPPATH\Controllers\Dashboard.php(9): App\Controllers\MyController->adminView('dashboard/index', [], [...])
 6 SYSTEMPATH\CodeIgniter.php(927): App\Controllers\Dashboard->index()
 7 SYSTEMPATH\CodeIgniter.php(482): CodeIgniter\CodeIgniter->runController(Object(App\Controllers\Dashboard))
 8 SYSTEMPATH\CodeIgniter.php(351): CodeIgniter\CodeIgniter->handleRequest(null, Object(Config\Cache), false)
 9 FCPATH\index.php(69): CodeIgniter\CodeIgniter->run()
CRITICAL - 2022-12-08 06:49:49 --> Call to a member function get() on null
in APPPATH\Views\_templates\admin-navbar.php on line 59.
 1 SYSTEMPATH\View\View.php(213): include()
 2 SYSTEMPATH\View\View.php(216): CodeIgniter\View\View->CodeIgniter\View\{closure}()
 3 SYSTEMPATH\Common.php(1134): CodeIgniter\View\View->render('_templates/admin-navbar', [], true)
 4 APPPATH\Controllers\MyController.php(49): view('_templates/admin-navbar', [])
 5 APPPATH\Controllers\Dashboard.php(9): App\Controllers\MyController->adminView('dashboard/index', [], [...])
 6 SYSTEMPATH\CodeIgniter.php(927): App\Controllers\Dashboard->index()
 7 SYSTEMPATH\CodeIgniter.php(482): CodeIgniter\CodeIgniter->runController(Object(App\Controllers\Dashboard))
 8 SYSTEMPATH\CodeIgniter.php(351): CodeIgniter\CodeIgniter->handleRequest(null, Object(Config\Cache), false)
 9 FCPATH\index.php(69): CodeIgniter\CodeIgniter->run()
CRITICAL - 2022-12-08 07:13:58 --> syntax error, unexpected '=', expecting ')'
in APPPATH\Views\_templates\admin-navbar.php on line 55.
 1 SYSTEMPATH\View\View.php(216): CodeIgniter\View\View->CodeIgniter\View\{closure}()
 2 SYSTEMPATH\Common.php(1134): CodeIgniter\View\View->render('_templates/admin-navbar', [], true)
 3 APPPATH\Controllers\MyController.php(51): view('_templates/admin-navbar', [])
 4 APPPATH\Controllers\Dashboard.php(9): App\Controllers\MyController->adminView('dashboard/index', [], [...])
 5 SYSTEMPATH\CodeIgniter.php(927): App\Controllers\Dashboard->index()
 6 SYSTEMPATH\CodeIgniter.php(482): CodeIgniter\CodeIgniter->runController(Object(App\Controllers\Dashboard))
 7 SYSTEMPATH\CodeIgniter.php(351): CodeIgniter\CodeIgniter->handleRequest(null, Object(Config\Cache), false)
 8 FCPATH\index.php(69): CodeIgniter\CodeIgniter->run()
