CRITICAL - 2022-12-06 07:22:44 --> Call to undefined function doctype()
in APPPATH\Views\_templates\header.php on line 1.
 1 SYSTEMPATH\View\View.php(213): include()
 2 SYSTEMPATH\View\View.php(216): CodeIgniter\View\View->CodeIgniter\View\{closure}()
 3 SYSTEMPATH\Common.php(1134): CodeIgniter\View\View->render('_templates/header', [], true)
 4 APPPATH\Controllers\MyController.php(40): view('_templates/header', [...])
 5 APPPATH\Controllers\Auth.php(11): App\Controllers\MyController->publicView('auth/signin', [], [...])
 6 SYSTEMPATH\CodeIgniter.php(927): App\Controllers\Auth->signin()
 7 SYSTEMPATH\CodeIgniter.php(482): CodeIgniter\CodeIgniter->runController(Object(App\Controllers\Auth))
 8 SYSTEMPATH\CodeIgniter.php(351): CodeIgniter\CodeIgniter->handleRequest(null, Object(Config\Cache), false)
 9 FCPATH\index.php(69): CodeIgniter\CodeIgniter->run()
CRITICAL - 2022-12-06 07:30:31 --> Call to undefined function doctype()
in APPPATH\Views\_templates\header.php on line 1.
 1 SYSTEMPATH\View\View.php(213): include()
 2 SYSTEMPATH\View\View.php(216): CodeIgniter\View\View->CodeIgniter\View\{closure}()
 3 SYSTEMPATH\Common.php(1134): CodeIgniter\View\View->render('_templates/header', [], true)
 4 APPPATH\Controllers\MyController.php(40): view('_templates/header', [...])
 5 APPPATH\Controllers\Auth.php(11): App\Controllers\MyController->publicView('auth/signin', [], [...])
 6 SYSTEMPATH\CodeIgniter.php(927): App\Controllers\Auth->signin()
 7 SYSTEMPATH\CodeIgniter.php(482): CodeIgniter\CodeIgniter->runController(Object(App\Controllers\Auth))
 8 SYSTEMPATH\CodeIgniter.php(351): CodeIgniter\CodeIgniter->handleRequest(null, Object(Config\Cache), false)
 9 FCPATH\index.php(69): CodeIgniter\CodeIgniter->run()
