CRITICAL - 2022-12-07 02:55:10 --> Call to undefined function doctype()
in APPPATH\Views\_templates\header.php on line 1.
 1 SYSTEMPATH\View\View.php(213): include()
 2 SYSTEMPATH\View\View.php(216): CodeIgniter\View\View->CodeIgniter\View\{closure}()
 3 SYSTEMPATH\Common.php(1134): CodeIgniter\View\View->render('_templates/header', [], true)
 4 APPPATH\Controllers\MyController.php(40): view('_templates/header', [...])
 5 APPPATH\Controllers\Auth.php(11): App\Controllers\MyController->publicView('auth/signin', [], [...])
 6 SYSTEMPATH\CodeIgniter.php(927): App\Controllers\Auth->signin()
 7 SYSTEMPATH\CodeIgniter.php(482): CodeIgniter\CodeIgniter->runController(Object(App\Controllers\Auth))
 8 SYSTEMPATH\CodeIgniter.php(351): CodeIgniter\CodeIgniter->handleRequest(null, Object(Config\Cache), false)
 9 FCPATH\index.php(69): CodeIgniter\CodeIgniter->run()
CRITICAL - 2022-12-07 03:07:31 --> Call to undefined function doctype()
in APPPATH\Views\_templates\header.php on line 1.
 1 SYSTEMPATH\View\View.php(213): include()
 2 SYSTEMPATH\View\View.php(216): CodeIgniter\View\View->CodeIgniter\View\{closure}()
 3 SYSTEMPATH\Common.php(1134): CodeIgniter\View\View->render('_templates/header', [], true)
 4 APPPATH\Controllers\MyController.php(40): view('_templates/header', [...])
 5 APPPATH\Controllers\Auth.php(11): App\Controllers\MyController->publicView('auth/signin', [], [...])
 6 SYSTEMPATH\CodeIgniter.php(927): App\Controllers\Auth->signin()
 7 SYSTEMPATH\CodeIgniter.php(482): CodeIgniter\CodeIgniter->runController(Object(App\Controllers\Auth))
 8 SYSTEMPATH\CodeIgniter.php(351): CodeIgniter\CodeIgniter->handleRequest(null, Object(Config\Cache), false)
 9 FCPATH\index.php(69): CodeIgniter\CodeIgniter->run()
CRITICAL - 2022-12-07 03:15:35 --> Call to undefined function doctype()
in APPPATH\Views\_templates\header.php on line 1.
 1 SYSTEMPATH\View\View.php(213): include()
 2 SYSTEMPATH\View\View.php(216): CodeIgniter\View\View->CodeIgniter\View\{closure}()
 3 SYSTEMPATH\Common.php(1134): CodeIgniter\View\View->render('_templates/header', [], true)
 4 APPPATH\Controllers\MyController.php(41): view('_templates/header', [...])
 5 APPPATH\Controllers\Auth.php(11): App\Controllers\MyController->publicView('auth/signin', [], [...])
 6 SYSTEMPATH\CodeIgniter.php(927): App\Controllers\Auth->signin()
 7 SYSTEMPATH\CodeIgniter.php(482): CodeIgniter\CodeIgniter->runController(Object(App\Controllers\Auth))
 8 SYSTEMPATH\CodeIgniter.php(351): CodeIgniter\CodeIgniter->handleRequest(null, Object(Config\Cache), false)
 9 FCPATH\index.php(69): CodeIgniter\CodeIgniter->run()
CRITICAL - 2022-12-07 03:15:37 --> Call to undefined function doctype()
in APPPATH\Views\_templates\header.php on line 1.
 1 SYSTEMPATH\View\View.php(213): include()
 2 SYSTEMPATH\View\View.php(216): CodeIgniter\View\View->CodeIgniter\View\{closure}()
 3 SYSTEMPATH\Common.php(1134): CodeIgniter\View\View->render('_templates/header', [], true)
 4 APPPATH\Controllers\MyController.php(41): view('_templates/header', [...])
 5 APPPATH\Controllers\Auth.php(11): App\Controllers\MyController->publicView('auth/signin', [], [...])
 6 SYSTEMPATH\CodeIgniter.php(927): App\Controllers\Auth->signin()
 7 SYSTEMPATH\CodeIgniter.php(482): CodeIgniter\CodeIgniter->runController(Object(App\Controllers\Auth))
 8 SYSTEMPATH\CodeIgniter.php(351): CodeIgniter\CodeIgniter->handleRequest(null, Object(Config\Cache), false)
 9 FCPATH\index.php(69): CodeIgniter\CodeIgniter->run()
CRITICAL - 2022-12-07 03:20:55 --> Call to a member function createAccount() on null
in APPPATH\Controllers\Auth.php on line 53.
 1 SYSTEMPATH\CodeIgniter.php(927): App\Controllers\Auth->signupcheck()
 2 SYSTEMPATH\CodeIgniter.php(482): CodeIgniter\CodeIgniter->runController(Object(App\Controllers\Auth))
 3 SYSTEMPATH\CodeIgniter.php(351): CodeIgniter\CodeIgniter->handleRequest(null, Object(Config\Cache), false)
 4 FCPATH\index.php(69): CodeIgniter\CodeIgniter->run()
CRITICAL - 2022-12-07 03:21:24 --> Call to undefined method CodeIgniter\Database\MySQLi\Connection::insert()
in APPPATH\Models\UserModel.php on line 34.
 1 APPPATH\Controllers\Auth.php(53): App\Models\UserModel->createAccount([...])
 2 SYSTEMPATH\CodeIgniter.php(927): App\Controllers\Auth->signupcheck()
 3 SYSTEMPATH\CodeIgniter.php(482): CodeIgniter\CodeIgniter->runController(Object(App\Controllers\Auth))
 4 SYSTEMPATH\CodeIgniter.php(351): CodeIgniter\CodeIgniter->handleRequest(null, Object(Config\Cache), false)
 5 FCPATH\index.php(69): CodeIgniter\CodeIgniter->run()
CRITICAL - 2022-12-07 03:25:06 --> The route for "/auth/signin" cannot be found.
in SYSTEMPATH\HTTP\RedirectResponse.php on line 60.
 1 SYSTEMPATH\HTTP\RedirectResponse.php(60): CodeIgniter\HTTP\Exceptions\HTTPException::forInvalidRedirectRoute('/auth/signin')
 2 SYSTEMPATH\Common.php(860): CodeIgniter\HTTP\RedirectResponse->route(false)
 3 APPPATH\Controllers\Auth.php(54): redirect('/auth/signin')
 4 SYSTEMPATH\CodeIgniter.php(927): App\Controllers\Auth->signupcheck()
 5 SYSTEMPATH\CodeIgniter.php(482): CodeIgniter\CodeIgniter->runController(Object(App\Controllers\Auth))
 6 SYSTEMPATH\CodeIgniter.php(351): CodeIgniter\CodeIgniter->handleRequest(null, Object(Config\Cache), false)
 7 FCPATH\index.php(69): CodeIgniter\CodeIgniter->run()
CRITICAL - 2022-12-07 03:26:55 --> The route for "/auth/signup" cannot be found.
in SYSTEMPATH\HTTP\RedirectResponse.php on line 60.
 1 SYSTEMPATH\HTTP\RedirectResponse.php(60): CodeIgniter\HTTP\Exceptions\HTTPException::forInvalidRedirectRoute('/auth/signup')
 2 SYSTEMPATH\Common.php(860): CodeIgniter\HTTP\RedirectResponse->route(false)
 3 APPPATH\Controllers\Auth.php(60): redirect('/auth/signup')
 4 SYSTEMPATH\CodeIgniter.php(927): App\Controllers\Auth->signupcheck()
 5 SYSTEMPATH\CodeIgniter.php(482): CodeIgniter\CodeIgniter->runController(Object(App\Controllers\Auth))
 6 SYSTEMPATH\CodeIgniter.php(351): CodeIgniter\CodeIgniter->handleRequest(null, Object(Config\Cache), false)
 7 FCPATH\index.php(69): CodeIgniter\CodeIgniter->run()
CRITICAL - 2022-12-07 03:27:15 --> The route for "/auth/signup" cannot be found.
in SYSTEMPATH\HTTP\RedirectResponse.php on line 60.
 1 SYSTEMPATH\HTTP\RedirectResponse.php(60): CodeIgniter\HTTP\Exceptions\HTTPException::forInvalidRedirectRoute('/auth/signup')
 2 SYSTEMPATH\Common.php(860): CodeIgniter\HTTP\RedirectResponse->route(false)
 3 APPPATH\Controllers\Auth.php(60): redirect('/auth/signup')
 4 SYSTEMPATH\CodeIgniter.php(927): App\Controllers\Auth->signupcheck()
 5 SYSTEMPATH\CodeIgniter.php(482): CodeIgniter\CodeIgniter->runController(Object(App\Controllers\Auth))
 6 SYSTEMPATH\CodeIgniter.php(351): CodeIgniter\CodeIgniter->handleRequest(null, Object(Config\Cache), false)
 7 FCPATH\index.php(69): CodeIgniter\CodeIgniter->run()
CRITICAL - 2022-12-07 03:28:22 --> The route for "adminpanel/auth/signup" cannot be found.
in SYSTEMPATH\HTTP\RedirectResponse.php on line 60.
 1 SYSTEMPATH\HTTP\RedirectResponse.php(60): CodeIgniter\HTTP\Exceptions\HTTPException::forInvalidRedirectRoute('adminpanel/auth/signup')
 2 SYSTEMPATH\Common.php(860): CodeIgniter\HTTP\RedirectResponse->route(false)
 3 APPPATH\Controllers\Auth.php(60): redirect('adminpanel/auth/signup')
 4 SYSTEMPATH\CodeIgniter.php(927): App\Controllers\Auth->signupcheck()
 5 SYSTEMPATH\CodeIgniter.php(482): CodeIgniter\CodeIgniter->runController(Object(App\Controllers\Auth))
 6 SYSTEMPATH\CodeIgniter.php(351): CodeIgniter\CodeIgniter->handleRequest(null, Object(Config\Cache), false)
 7 FCPATH\index.php(69): CodeIgniter\CodeIgniter->run()
CRITICAL - 2022-12-07 04:09:44 --> The route for "/auth/signup" cannot be found.
in SYSTEMPATH\HTTP\RedirectResponse.php on line 60.
 1 SYSTEMPATH\HTTP\RedirectResponse.php(60): CodeIgniter\HTTP\Exceptions\HTTPException::forInvalidRedirectRoute('/auth/signup')
 2 SYSTEMPATH\Common.php(860): CodeIgniter\HTTP\RedirectResponse->route(false)
 3 APPPATH\Controllers\Auth.php(66): redirect('/auth/signup', 'refresh')
 4 SYSTEMPATH\CodeIgniter.php(927): App\Controllers\Auth->signupcheck()
 5 SYSTEMPATH\CodeIgniter.php(482): CodeIgniter\CodeIgniter->runController(Object(App\Controllers\Auth))
 6 SYSTEMPATH\CodeIgniter.php(351): CodeIgniter\CodeIgniter->handleRequest(null, Object(Config\Cache), false)
 7 FCPATH\index.php(69): CodeIgniter\CodeIgniter->run()
CRITICAL - 2022-12-07 04:17:00 --> Call to undefined method CodeIgniter\HTTP\Response::with()
in APPPATH\Controllers\Auth.php on line 67.
 1 SYSTEMPATH\CodeIgniter.php(927): App\Controllers\Auth->signupcheck()
 2 SYSTEMPATH\CodeIgniter.php(482): CodeIgniter\CodeIgniter->runController(Object(App\Controllers\Auth))
 3 SYSTEMPATH\CodeIgniter.php(351): CodeIgniter\CodeIgniter->handleRequest(null, Object(Config\Cache), false)
 4 FCPATH\index.php(69): CodeIgniter\CodeIgniter->run()
CRITICAL - 2022-12-07 04:23:35 --> Call to a member function flashdata() on null
in APPPATH\Views\auth\signup.php on line 88.
 1 SYSTEMPATH\View\View.php(213): include()
 2 SYSTEMPATH\View\View.php(216): CodeIgniter\View\View->CodeIgniter\View\{closure}()
 3 SYSTEMPATH\Common.php(1134): CodeIgniter\View\View->render('auth/signup', [], true)
 4 APPPATH\Controllers\MyController.php(41): view('auth/signup', [])
 5 APPPATH\Controllers\Auth.php(17): App\Controllers\MyController->publicView('auth/signup', [], [...])
 6 SYSTEMPATH\CodeIgniter.php(927): App\Controllers\Auth->signup()
 7 SYSTEMPATH\CodeIgniter.php(482): CodeIgniter\CodeIgniter->runController(Object(App\Controllers\Auth))
 8 SYSTEMPATH\CodeIgniter.php(351): CodeIgniter\CodeIgniter->handleRequest(null, Object(Config\Cache), false)
 9 FCPATH\index.php(69): CodeIgniter\CodeIgniter->run()
CRITICAL - 2022-12-07 04:35:30 --> Call to a member function flashdata() on null
in APPPATH\Views\auth\signup.php on line 88.
 1 SYSTEMPATH\View\View.php(213): include()
 2 SYSTEMPATH\View\View.php(216): CodeIgniter\View\View->CodeIgniter\View\{closure}()
 3 SYSTEMPATH\Common.php(1134): CodeIgniter\View\View->render('auth/signup', [], true)
 4 APPPATH\Controllers\MyController.php(41): view('auth/signup', [])
 5 APPPATH\Controllers\Auth.php(17): App\Controllers\MyController->publicView('auth/signup', [], [...])
 6 SYSTEMPATH\CodeIgniter.php(927): App\Controllers\Auth->signup()
 7 SYSTEMPATH\CodeIgniter.php(482): CodeIgniter\CodeIgniter->runController(Object(App\Controllers\Auth))
 8 SYSTEMPATH\CodeIgniter.php(351): CodeIgniter\CodeIgniter->handleRequest(null, Object(Config\Cache), false)
 9 FCPATH\index.php(69): CodeIgniter\CodeIgniter->run()
CRITICAL - 2022-12-07 04:35:45 --> Call to a member function flashdata() on null
in APPPATH\Views\auth\signup.php on line 88.
 1 SYSTEMPATH\View\View.php(213): include()
 2 SYSTEMPATH\View\View.php(216): CodeIgniter\View\View->CodeIgniter\View\{closure}()
 3 SYSTEMPATH\Common.php(1134): CodeIgniter\View\View->render('auth/signup', [], true)
 4 APPPATH\Controllers\MyController.php(41): view('auth/signup', [])
 5 APPPATH\Controllers\Auth.php(17): App\Controllers\MyController->publicView('auth/signup', [], [...])
 6 SYSTEMPATH\CodeIgniter.php(927): App\Controllers\Auth->signup()
 7 SYSTEMPATH\CodeIgniter.php(482): CodeIgniter\CodeIgniter->runController(Object(App\Controllers\Auth))
 8 SYSTEMPATH\CodeIgniter.php(351): CodeIgniter\CodeIgniter->handleRequest(null, Object(Config\Cache), false)
 9 FCPATH\index.php(69): CodeIgniter\CodeIgniter->run()
